2023-06-19 17:08:12 [git.cmd:DEBUG] Popen(['git', 'version'], cwd=C:\Users\User\Desktop\SynPiper-new\SynPiper, universal_newlines=False, shell=None, istream=None)
2023-06-19 17:08:12 [git.cmd:DEBUG] Popen(['git', 'rev-parse', '--show-toplevel'], cwd=C:\Users\User\Desktop\SynPiper-new\SynPiper, universal_newlines=False, shell=None, istream=None)
2023-06-19 17:08:12 [git.cmd:DEBUG] Popen(['git', 'remote', 'get-url', '--all', 'origin'], cwd=C:\Users\User\Desktop\SynPiper-new\SynPiper, universal_newlines=False, shell=None, istream=None)
2023-06-19 17:08:12 [git.cmd:DEBUG] Popen(['git', 'status', '--porcelain', '--untracked-files'], cwd=C:\Users\User\Desktop\SynPiper-new\SynPiper, universal_newlines=False, shell=None, istream=None)
2023-06-19 17:08:12 [git.cmd:DEBUG] Popen(['git', 'diff', '--abbrev=40', '--full-index', '-M', '--raw', '-z', '--no-color'], cwd=C:\Users\User\Desktop\SynPiper-new\SynPiper, universal_newlines=False, shell=None, istream=None)
2023-06-19 17:08:12 [git.cmd:DEBUG] Popen(['git', 'cat-file', '--batch-check'], cwd=C:\Users\User\Desktop\SynPiper-new\SynPiper, universal_newlines=False, shell=None, istream=<valid stream>)
2023-06-19 17:08:12 [git.cmd:DEBUG] Popen(['git', 'cat-file', '--batch'], cwd=C:\Users\User\Desktop\SynPiper-new\SynPiper, universal_newlines=False, shell=None, istream=<valid stream>)
2023-06-19 17:08:12 [git.cmd:DEBUG] Popen(['git', 'rev-list', 'origin/main..main', '--'], cwd=C:\Users\User\Desktop\SynPiper-new\SynPiper, universal_newlines=False, shell=None, istream=None)
2023-06-19 17:08:36 [git.cmd:DEBUG] Popen(['git', 'version'], cwd=C:\Users\User\Desktop\SynPiper-new\SynPiper, universal_newlines=False, shell=None, istream=None)
2023-06-19 17:08:36 [git.cmd:DEBUG] Popen(['git', 'rev-parse', '--show-toplevel'], cwd=C:\Users\User\Desktop\SynPiper-new\SynPiper, universal_newlines=False, shell=None, istream=None)
2023-06-19 17:08:36 [git.cmd:DEBUG] Popen(['git', 'remote', 'get-url', '--all', 'origin'], cwd=C:\Users\User\Desktop\SynPiper-new\SynPiper, universal_newlines=False, shell=None, istream=None)
2023-06-19 17:08:36 [git.cmd:DEBUG] Popen(['git', 'status', '--porcelain', '--untracked-files'], cwd=C:\Users\User\Desktop\SynPiper-new\SynPiper, universal_newlines=False, shell=None, istream=None)
2023-06-19 17:08:36 [git.cmd:DEBUG] Popen(['git', 'diff', '--abbrev=40', '--full-index', '-M', '--raw', '-z', '--no-color'], cwd=C:\Users\User\Desktop\SynPiper-new\SynPiper, universal_newlines=False, shell=None, istream=None)
2023-06-19 17:08:36 [git.cmd:DEBUG] Popen(['git', 'cat-file', '--batch-check'], cwd=C:\Users\User\Desktop\SynPiper-new\SynPiper, universal_newlines=False, shell=None, istream=<valid stream>)
2023-06-19 17:08:36 [git.cmd:DEBUG] Popen(['git', 'cat-file', '--batch'], cwd=C:\Users\User\Desktop\SynPiper-new\SynPiper, universal_newlines=False, shell=None, istream=<valid stream>)
2023-06-19 17:08:36 [git.cmd:DEBUG] Popen(['git', 'rev-list', 'origin/main..main', '--'], cwd=C:\Users\User\Desktop\SynPiper-new\SynPiper, universal_newlines=False, shell=None, istream=None)
2023-06-19 17:08:39 [git.cmd:DEBUG] Popen(['git', 'version'], cwd=C:\Users\User\Desktop\SynPiper-new\SynPiper, universal_newlines=False, shell=None, istream=None)
2023-06-19 17:08:39 [git.cmd:DEBUG] Popen(['git', 'rev-parse', '--show-toplevel'], cwd=C:\Users\User\Desktop\SynPiper-new\SynPiper, universal_newlines=False, shell=None, istream=None)
2023-06-19 17:08:39 [git.cmd:DEBUG] Popen(['git', 'remote', 'get-url', '--all', 'origin'], cwd=C:\Users\User\Desktop\SynPiper-new\SynPiper, universal_newlines=False, shell=None, istream=None)
2023-06-19 17:08:39 [git.cmd:DEBUG] Popen(['git', 'status', '--porcelain', '--untracked-files'], cwd=C:\Users\User\Desktop\SynPiper-new\SynPiper, universal_newlines=False, shell=None, istream=None)
2023-06-19 17:08:39 [git.cmd:DEBUG] Popen(['git', 'diff', '--abbrev=40', '--full-index', '-M', '--raw', '-z', '--no-color'], cwd=C:\Users\User\Desktop\SynPiper-new\SynPiper, universal_newlines=False, shell=None, istream=None)
2023-06-19 17:08:39 [git.cmd:DEBUG] Popen(['git', 'cat-file', '--batch-check'], cwd=C:\Users\User\Desktop\SynPiper-new\SynPiper, universal_newlines=False, shell=None, istream=<valid stream>)
2023-06-19 17:08:39 [git.cmd:DEBUG] Popen(['git', 'cat-file', '--batch'], cwd=C:\Users\User\Desktop\SynPiper-new\SynPiper, universal_newlines=False, shell=None, istream=<valid stream>)
2023-06-19 17:08:39 [git.cmd:DEBUG] Popen(['git', 'rev-list', 'origin/main..main', '--'], cwd=C:\Users\User\Desktop\SynPiper-new\SynPiper, universal_newlines=False, shell=None, istream=None)
2023-06-19 17:11:28 [git.cmd:DEBUG] Popen(['git', 'version'], cwd=C:\Users\User\Desktop\SynPiper-new\SynPiper, universal_newlines=False, shell=None, istream=None)
2023-06-19 17:11:28 [git.cmd:DEBUG] Popen(['git', 'rev-parse', '--show-toplevel'], cwd=C:\Users\User\Desktop\SynPiper-new\SynPiper, universal_newlines=False, shell=None, istream=None)
2023-06-19 17:11:28 [git.cmd:DEBUG] Popen(['git', 'remote', 'get-url', '--all', 'origin'], cwd=C:\Users\User\Desktop\SynPiper-new\SynPiper, universal_newlines=False, shell=None, istream=None)
2023-06-19 17:11:28 [git.cmd:DEBUG] Popen(['git', 'status', '--porcelain', '--untracked-files'], cwd=C:\Users\User\Desktop\SynPiper-new\SynPiper, universal_newlines=False, shell=None, istream=None)
2023-06-19 17:11:28 [git.cmd:DEBUG] Popen(['git', 'diff', '--abbrev=40', '--full-index', '-M', '--raw', '-z', '--no-color'], cwd=C:\Users\User\Desktop\SynPiper-new\SynPiper, universal_newlines=False, shell=None, istream=None)
2023-06-19 17:11:28 [git.cmd:DEBUG] Popen(['git', 'cat-file', '--batch-check'], cwd=C:\Users\User\Desktop\SynPiper-new\SynPiper, universal_newlines=False, shell=None, istream=<valid stream>)
2023-06-19 17:11:29 [git.cmd:DEBUG] Popen(['git', 'cat-file', '--batch'], cwd=C:\Users\User\Desktop\SynPiper-new\SynPiper, universal_newlines=False, shell=None, istream=<valid stream>)
2023-06-19 17:11:29 [git.cmd:DEBUG] Popen(['git', 'rev-list', 'origin/main..main', '--'], cwd=C:\Users\User\Desktop\SynPiper-new\SynPiper, universal_newlines=False, shell=None, istream=None)
